\BOOKMARK [0][-]{section*.1}{\376\377\000A\000b\000s\000t\000r\000a\000k}{}% 1
\BOOKMARK [0][-]{section*.1}{\376\377\000K\000A\000T\000A\000\040\000P\000E\000N\000G\000A\000N\000T\000A\000R}{}% 2
\BOOKMARK [0][-]{Item.7}{\376\377\000D\000A\000F\000T\000A\000R\000\040\000I\000S\000I}{}% 3
\BOOKMARK [0][-]{chapter*.2}{\376\377\000D\000A\000F\000T\000A\000R\000\040\000G\000A\000M\000B\000A\000R}{}% 4
\BOOKMARK [0][-]{chapter*.3}{\376\377\000D\000A\000F\000T\000A\000R\000\040\000T\000A\000B\000E\000L}{}% 5
\BOOKMARK [0][-]{chapter*.4}{\376\377\000N\000O\000M\000E\000N\000K\000L\000A\000T\000U\000R}{}% 6
\BOOKMARK [0][-]{chapter.1}{\376\377\0001\000\040\000P\000E\000N\000D\000A\000H\000U\000L\000U\000A\000N}{}% 7
\BOOKMARK [1][-]{section.1.1}{\376\377\0001\000.\0001\000\040\000L\000a\000t\000a\000r\000\040\000b\000e\000l\000a\000k\000a\000n\000g}{chapter.1}% 8
\BOOKMARK [1][-]{section.1.2}{\376\377\0001\000.\0002\000\040\000P\000e\000r\000m\000a\000s\000a\000l\000a\000h\000a\000n}{chapter.1}% 9
\BOOKMARK [1][-]{section.1.3}{\376\377\0001\000.\0003\000\040\000T\000u\000j\000u\000a\000n}{chapter.1}% 10
\BOOKMARK [1][-]{section.1.4}{\376\377\0001\000.\0004\000\040\000B\000a\000t\000a\000s\000a\000n\000\040\000m\000a\000s\000a\000l\000a\000h}{chapter.1}% 11
\BOOKMARK [1][-]{section.1.5}{\376\377\0001\000.\0005\000\040\000S\000i\000s\000t\000e\000m\000a\000t\000i\000k\000a\000\040\000P\000e\000n\000u\000l\000i\000s\000a\000n}{chapter.1}% 12
\BOOKMARK [0][-]{chapter.2}{\376\377\0002\000\040\000T\000I\000N\000J\000A\000U\000A\000N\000\040\000P\000U\000S\000T\000A\000K\000A}{}% 13
\BOOKMARK [1][-]{section.2.1}{\376\377\0002\000.\0001\000\040\000J\000a\000t\000u\000h\000\040\000p\000a\000d\000a\000\040\000M\000a\000n\000u\000s\000i\000a}{chapter.2}% 14
\BOOKMARK [1][-]{section.2.2}{\376\377\0002\000.\0002\000\040\000M\000a\000c\000h\000i\000n\000e\000\040\000L\000e\000a\000r\000n\000i\000n\000g}{chapter.2}% 15
\BOOKMARK [2][-]{subsection.2.2.1}{\376\377\0002\000.\0002\000.\0001\000\040\000S\000u\000p\000e\000r\000v\000i\000s\000e\000d\000\040\000L\000e\000a\000r\000n\000i\000n\000g}{section.2.2}% 16
\BOOKMARK [2][-]{subsection.2.2.2}{\376\377\0002\000.\0002\000.\0002\000\040\000U\000n\000s\000u\000p\000e\000r\000v\000i\000s\000e\000d\000\040\000L\000e\000a\000r\000n\000i\000n\000g}{section.2.2}% 17
\BOOKMARK [2][-]{subsection.2.2.3}{\376\377\0002\000.\0002\000.\0003\000\040\000R\000e\000i\000n\000f\000o\000r\000c\000e\000m\000e\000n\000t\000\040\000L\000e\000a\000r\000n\000i\000n\000g}{section.2.2}% 18
\BOOKMARK [1][-]{section.2.3}{\376\377\0002\000.\0003\000\040\000D\000e\000e\000p\000\040\000L\000e\000a\000r\000n\000i\000n\000g}{chapter.2}% 19
\BOOKMARK [1][-]{section.2.4}{\376\377\0002\000.\0004\000\040\0003\000D\000\040\000C\000o\000n\000v\000o\000l\000u\000t\000i\000o\000n\000a\000l\000\040\000N\000e\000u\000r\000a\000l\000\040\000N\000e\000t\000w\000o\000r\000k\000\040\000\050\0003\000D\000-\000C\000N\000N\000\051}{chapter.2}% 20
\BOOKMARK [2][-]{subsection.2.4.1}{\376\377\0002\000.\0004\000.\0001\000\040\000C\000o\000n\000v\000o\000l\000u\000t\000i\000o\000n\000a\000l\000\040\000L\000a\000y\000e\000r}{section.2.4}% 21
\BOOKMARK [2][-]{subsection.2.4.2}{\376\377\0002\000.\0004\000.\0002\000\040\000S\000u\000b\000s\000a\000m\000p\000l\000i\000n\000g\000\040\000L\000a\000y\000e\000r}{section.2.4}% 22
\BOOKMARK [2][-]{subsection.2.4.3}{\376\377\0002\000.\0004\000.\0003\000\040\000B\000a\000t\000c\000h\000\040\000N\000o\000r\000m\000a\000l\000i\000z\000a\000t\000i\000o\000n\000\040\000L\000a\000y\000e\000r}{section.2.4}% 23
\BOOKMARK [2][-]{subsection.2.4.4}{\376\377\0002\000.\0004\000.\0004\000\040\000F\000u\000l\000l\000y\000-\000C\000o\000n\000n\000e\000c\000t\000e\000d\000\040\000L\000a\000y\000e\000r}{section.2.4}% 24
\BOOKMARK [1][-]{section.2.5}{\376\377\0002\000.\0005\000\040\000V\000i\000s\000i\000\040\000K\000o\000m\000p\000u\000t\000e\000r}{chapter.2}% 25
\BOOKMARK [1][-]{section.2.6}{\376\377\0002\000.\0006\000\040\000I\000m\000a\000g\000e\000\040\000P\000r\000o\000c\000e\000s\000s\000i\000n\000g}{chapter.2}% 26
\BOOKMARK [1][-]{section.2.7}{\376\377\0002\000.\0007\000\040\000S\000i\000s\000t\000e\000m\000\040\000T\000e\000r\000t\000a\000n\000a\000m}{chapter.2}% 27
\BOOKMARK [1][-]{section.2.8}{\376\377\0002\000.\0008\000\040\000M\000e\000t\000o\000d\000e\000\040\000P\000e\000n\000g\000u\000j\000i\000a\000n}{chapter.2}% 28
\BOOKMARK [2][-]{subsection.2.8.1}{\376\377\0002\000.\0008\000.\0001\000\040\000R\000e\000c\000a\000l\000l}{section.2.8}% 29
\BOOKMARK [2][-]{subsection.2.8.2}{\376\377\0002\000.\0008\000.\0002\000\040\000P\000r\000e\000c\000i\000s\000i\000o\000n}{section.2.8}% 30
\BOOKMARK [2][-]{subsection.2.8.3}{\376\377\0002\000.\0008\000.\0003\000\040\000F\000-\000M\000e\000a\000s\000u\000r\000e}{section.2.8}% 31
\BOOKMARK [2][-]{subsection.2.8.4}{\376\377\0002\000.\0008\000.\0004\000\040\000m\000e\000a\000n\000\040\000A\000v\000e\000r\000a\000g\000e\000\040\000P\000r\000e\000c\000i\000s\000i\000o\000n\000\040\000\050\000m\000A\000P\000\051}{section.2.8}% 32
\BOOKMARK [2][-]{subsection.2.8.5}{\376\377\0002\000.\0008\000.\0005\000\040\000C\000o\000n\000f\000u\000s\000i\000o\000n\000\040\000M\000a\000t\000r\000i\000x}{section.2.8}% 33
\BOOKMARK [0][-]{chapter.3}{\376\377\0003\000\040\000D\000E\000S\000A\000I\000N\000\040\000D\000A\000N\000\040\000I\000M\000P\000L\000E\000M\000E\000N\000T\000A\000S\000I\000\040\000S\000I\000S\000T\000E\000M}{}% 34
\BOOKMARK [1][-]{section.3.1}{\376\377\0003\000.\0001\000\040\000D\000e\000s\000a\000i\000n\000\040\000S\000i\000s\000t\000e\000m}{chapter.3}% 35
\BOOKMARK [1][-]{section.3.2}{\376\377\0003\000.\0002\000\040\000A\000l\000u\000r\000\040\000K\000e\000r\000j\000a}{chapter.3}% 36
\BOOKMARK [1][-]{section.3.3}{\376\377\0003\000.\0003\000\040\000P\000e\000l\000a\000b\000e\000l\000a\000n\000\040\000O\000b\000j\000e\000k}{chapter.3}% 37
\BOOKMARK [1][-]{section.3.4}{\376\377\0003\000.\0004\000\040\000P\000r\000o\000s\000e\000s\000\040\000T\000r\000a\000i\000n\000i\000n\000g\000\040\000D\000a\000t\000a\000s\000e\000t}{chapter.3}% 38
\BOOKMARK [1][-]{section.3.5}{\376\377\0003\000.\0005\000\040\000P\000e\000n\000g\000e\000m\000b\000a\000n\000g\000a\000n\000\040\000S\000i\000s\000t\000e\000m\000\040\000D\000e\000t\000e\000k\000s\000i}{chapter.3}% 39
\BOOKMARK [1][-]{section.3.6}{\376\377\0003\000.\0006\000\040\000A\000n\000a\000l\000i\000s\000a\000\040\000P\000e\000r\000f\000o\000r\000m\000a}{chapter.3}% 40
\BOOKMARK [0][-]{chapter.4}{\376\377\0004\000\040\000P\000E\000N\000G\000U\000J\000I\000A\000N\000\040\000D\000A\000N\000\040\000A\000N\000A\000L\000I\000S\000A}{}% 41
\BOOKMARK [1][-]{section.4.1}{\376\377\0004\000.\0001\000\040\000P\000e\000n\000g\000u\000j\000i\000a\000n\000\040\000P\000e\000f\000o\000r\000m\000a\000\040\000b\000e\000r\000d\000a\000s\000a\000r\000k\000a\000n\000\040\000L\000o\000k\000a\000s\000i}{chapter.4}% 42
\BOOKMARK [1][-]{section.4.2}{\376\377\0004\000.\0002\000\040\000P\000e\000n\000g\000u\000j\000i\000a\000n\000\040\000P\000e\000f\000o\000r\000m\000a\000\040\000b\000e\000r\000d\000a\000s\000a\000r\000k\000a\000n\000\040\000L\000o\000k\000a\000s\000i}{chapter.4}% 43
\BOOKMARK [1][-]{section.4.3}{\376\377\0004\000.\0003\000\040\000P\000e\000n\000g\000u\000j\000i\000a\000n\000\040\000P\000e\000f\000o\000r\000m\000a\000\040\000b\000e\000r\000d\000a\000s\000a\000r\000k\000a\000n\000\040\000L\000o\000k\000a\000s\000i}{chapter.4}% 44
\BOOKMARK [1][-]{section.4.4}{\376\377\0004\000.\0004\000\040\000P\000e\000n\000g\000u\000j\000i\000a\000n\000\040\000P\000e\000f\000o\000r\000m\000a\000\040\000b\000e\000r\000d\000a\000s\000a\000r\000k\000a\000n\000\040\000L\000o\000k\000a\000s\000i}{chapter.4}% 45
\BOOKMARK [0][-]{chapter.5}{\376\377\0005\000\040\000P\000E\000N\000U\000T\000U\000P}{}% 46
\BOOKMARK [1][-]{section.5.1}{\376\377\0005\000.\0001\000\040\000K\000e\000s\000i\000m\000p\000u\000l\000a\000n}{chapter.5}% 47
\BOOKMARK [1][-]{section.5.2}{\376\377\0005\000.\0002\000\040\000S\000a\000r\000a\000n}{chapter.5}% 48
\BOOKMARK [0][-]{Item.40}{\376\377\000D\000A\000F\000T\000A\000R\000\040\000P\000U\000S\000T\000A\000K\000A}{}% 49
\BOOKMARK [0][-]{figure.caption.17}{\376\377\000B\000i\000o\000g\000r\000a\000f\000i\000\040\000P\000e\000n\000u\000l\000i\000s}{}% 50
